<?xml version="1.0" encoding="UTF-8"?>
<!-- Generated by org.testng.reporters.JUnitReportReporter -->
<testsuite hostname="Dom-Komputer" failures="0" tests="3" name="com.boc.webapp.ResponseFactoryTest" time="0.017" errors="0" timestamp="2019-10-07T21:26:30 CEST" skipped="0">
  <testcase classname="com.boc.webapp.ResponseFactoryTest" name="testCollectAllRolesEmptyList" time="0.015"/>
  <testcase classname="com.boc.webapp.ResponseFactoryTest" name="testCollectAllRolesSingleUserNoRoles" time="0.001"/>
  <testcase classname="com.boc.webapp.ResponseFactoryTest" name="testCollectAllRolesSingleUserSingleRole" time="0.001"/>
</testsuite> <!-- com.boc.webapp.ResponseFactoryTest -->
