<?xml version="1.0" encoding="UTF-8"?>
<!-- Generated by org.testng.reporters.JUnitReportReporter -->
<testsuite hostname="Dom-Komputer" failures="0" tests="7" name="com.boc.webapp.UserTest" time="0.028" errors="0" timestamp="2019-10-07T21:26:30 CEST" skipped="0">
  <testcase classname="com.boc.webapp.UserTest" name="testUniqueID" time="0.000"/>
  <testcase classname="com.boc.webapp.UserTest" name="testUser" time="0.000"/>
  <testcase classname="com.boc.webapp.UserTest" name="testDate" time="0.024"/>
  <testcase classname="com.boc.webapp.UserTest" name="testGetName" time="0.001"/>
  <testcase classname="com.boc.webapp.UserTest" name="testGetID" time="0.000"/>
  <testcase classname="com.boc.webapp.UserTest" name="testGetRoles" time="0.001"/>
  <testcase classname="com.boc.webapp.UserTest" name="testUserCount" time="0.002"/>
</testsuite> <!-- com.boc.webapp.UserTest -->
